<?xml version="1.0" encoding="UTF-8"?>
<!-- Generated by org.testng.reporters.JUnitReportReporter -->
<testsuite hostname="DESKTOP-Q4G3OJ0" name="hrPageTestCase.TC_companyTestcase_002" tests="1" failures="0" timestamp="3 Jan 2023 08:54:40 GMT" time="17.795" errors="0">
  <testcase name="verifycompany" time="17.795" classname="hrPageTestCase.TC_companyTestcase_002"/>
</testsuite> <!-- hrPageTestCase.TC_companyTestcase_002 -->
