<?xml version="1.0" encoding="UTF-8"?>
<!-- Generated by org.testng.reporters.JUnitReportReporter -->
<testsuite hostname="DESKTOP-Q4G3OJ0" name="hrPageTestCase.TC_leavesTestcase_003" tests="1" failures="0" timestamp="3 Jan 2023 08:54:40 GMT" time="16.719" errors="0">
  <testcase name="verifyleave" time="16.719" classname="hrPageTestCase.TC_leavesTestcase_003"/>
</testsuite> <!-- hrPageTestCase.TC_leavesTestcase_003 -->
