<?xml version="1.0" encoding="UTF-8"?>
<!-- Generated by org.testng.reporters.JUnitReportReporter -->
<testsuite hostname="DESKTOP-Q4G3OJ0" name="hrPageTestCase.TC_BirthdayTestcase_006" tests="1" failures="0" timestamp="3 Jan 2023 08:54:40 GMT" time="14.161" errors="0">
  <testcase name="verifyBirthday" time="14.161" classname="hrPageTestCase.TC_BirthdayTestcase_006"/>
</testsuite> <!-- hrPageTestCase.TC_BirthdayTestcase_006 -->
