<?xml version="1.0" encoding="UTF-8"?>
<!-- Generated by org.testng.reporters.JUnitReportReporter -->
<testsuite hostname="DESKTOP-Q4G3OJ0" name="hrPageTestCase.TC_Attendancetestcase_004" tests="1" failures="0" timestamp="3 Jan 2023 08:54:40 GMT" time="10.870" errors="0">
  <testcase name="verifyattendance" time="10.870" classname="hrPageTestCase.TC_Attendancetestcase_004"/>
</testsuite> <!-- hrPageTestCase.TC_Attendancetestcase_004 -->
